{"/Users/drewb/IdeaProjects/8th-Light-Technical-Assessment/src/bookUtils.js": {"path":"/Users/drewb/IdeaProjects/8th-Light-Technical-Assessment/src/bookUtils.js","statementMap":{"0":{"start":{"line":4,"column":17},"end":{"line":4,"column":19}},"1":{"start":{"line":8,"column":30},"end":{"line":19,"column":1}},"2":{"start":{"line":9,"column":16},"end":{"line":9,"column":17}},"3":{"start":{"line":10,"column":2},"end":{"line":17,"column":5}},"4":{"start":{"line":11,"column":4},"end":{"line":16,"column":6}},"5":{"start":{"line":18,"column":2},"end":{"line":18,"column":18}},"6":{"start":{"line":22,"column":27},"end":{"line":25,"column":1}},"7":{"start":{"line":23,"column":15},"end":{"line":23,"column":29}},"8":{"start":{"line":24,"column":2},"end":{"line":24,"column":22}},"9":{"start":{"line":27,"column":33},"end":{"line":38,"column":1}},"10":{"start":{"line":28,"column":2},"end":{"line":37,"column":4}},"11":{"start":{"line":43,"column":29},"end":{"line":52,"column":1}},"12":{"start":{"line":44,"column":18},"end":{"line":44,"column":37}},"13":{"start":{"line":45,"column":2},"end":{"line":51,"column":3}},"14":{"start":{"line":47,"column":4},"end":{"line":47,"column":57}},"15":{"start":{"line":48,"column":4},"end":{"line":48,"column":17}},"16":{"start":{"line":50,"column":4},"end":{"line":50,"column":24}},"17":{"start":{"line":55,"column":28},"end":{"line":62,"column":1}},"18":{"start":{"line":56,"column":18},"end":{"line":56,"column":42}},"19":{"start":{"line":57,"column":2},"end":{"line":61,"column":3}},"20":{"start":{"line":58,"column":4},"end":{"line":58,"column":17}},"21":{"start":{"line":60,"column":4},"end":{"line":60,"column":34}},"22":{"start":{"line":65,"column":29},"end":{"line":72,"column":1}},"23":{"start":{"line":66,"column":18},"end":{"line":66,"column":39}},"24":{"start":{"line":67,"column":2},"end":{"line":71,"column":3}},"25":{"start":{"line":68,"column":4},"end":{"line":68,"column":17}},"26":{"start":{"line":70,"column":4},"end":{"line":70,"column":17}}},"fnMap":{"0":{"name":"(anonymous_0)","decl":{"start":{"line":8,"column":30},"end":{"line":8,"column":31}},"loc":{"start":{"line":8,"column":61},"end":{"line":19,"column":1}},"line":8},"1":{"name":"(anonymous_1)","decl":{"start":{"line":10,"column":33},"end":{"line":10,"column":34}},"loc":{"start":{"line":10,"column":43},"end":{"line":17,"column":3}},"line":10},"2":{"name":"(anonymous_2)","decl":{"start":{"line":22,"column":27},"end":{"line":22,"column":28}},"loc":{"start":{"line":22,"column":49},"end":{"line":25,"column":1}},"line":22},"3":{"name":"(anonymous_3)","decl":{"start":{"line":27,"column":33},"end":{"line":27,"column":34}},"loc":{"start":{"line":27,"column":45},"end":{"line":38,"column":1}},"line":27},"4":{"name":"(anonymous_4)","decl":{"start":{"line":43,"column":29},"end":{"line":43,"column":30}},"loc":{"start":{"line":43,"column":40},"end":{"line":52,"column":1}},"line":43},"5":{"name":"(anonymous_5)","decl":{"start":{"line":55,"column":28},"end":{"line":55,"column":29}},"loc":{"start":{"line":55,"column":39},"end":{"line":62,"column":1}},"line":55},"6":{"name":"(anonymous_6)","decl":{"start":{"line":65,"column":29},"end":{"line":65,"column":30}},"loc":{"start":{"line":65,"column":40},"end":{"line":72,"column":1}},"line":65}},"branchMap":{"0":{"loc":{"start":{"line":8,"column":43},"end":{"line":8,"column":56}},"type":"default-arg","locations":[{"start":{"line":8,"column":54},"end":{"line":8,"column":56}}],"line":8},"1":{"loc":{"start":{"line":45,"column":2},"end":{"line":51,"column":3}},"type":"if","locations":[{"start":{"line":45,"column":2},"end":{"line":51,"column":3}},{"start":{"line":49,"column":9},"end":{"line":51,"column":3}}],"line":45},"2":{"loc":{"start":{"line":45,"column":6},"end":{"line":45,"column":47}},"type":"binary-expr","locations":[{"start":{"line":45,"column":6},"end":{"line":45,"column":25}},{"start":{"line":45,"column":29},"end":{"line":45,"column":47}}],"line":45},"3":{"loc":{"start":{"line":57,"column":2},"end":{"line":61,"column":3}},"type":"if","locations":[{"start":{"line":57,"column":2},"end":{"line":61,"column":3}},{"start":{"line":59,"column":9},"end":{"line":61,"column":3}}],"line":57},"4":{"loc":{"start":{"line":57,"column":6},"end":{"line":57,"column":48}},"type":"binary-expr","locations":[{"start":{"line":57,"column":6},"end":{"line":57,"column":26}},{"start":{"line":57,"column":30},"end":{"line":57,"column":48}}],"line":57},"5":{"loc":{"start":{"line":67,"column":2},"end":{"line":71,"column":3}},"type":"if","locations":[{"start":{"line":67,"column":2},"end":{"line":71,"column":3}},{"start":{"line":69,"column":9},"end":{"line":71,"column":3}}],"line":67},"6":{"loc":{"start":{"line":67,"column":6},"end":{"line":67,"column":48}},"type":"binary-expr","locations":[{"start":{"line":67,"column":6},"end":{"line":67,"column":26}},{"start":{"line":67,"column":30},"end":{"line":67,"column":48}}],"line":67}},"s":{"0":1,"1":1,"2":1,"3":1,"4":5,"5":1,"6":1,"7":0,"8":0,"9":1,"10":0,"11":1,"12":3,"13":3,"14":2,"15":2,"16":1,"17":1,"18":4,"19":4,"20":2,"21":2,"22":1,"23":10,"24":10,"25":5,"26":5},"f":{"0":1,"1":5,"2":0,"3":0,"4":3,"5":4,"6":10},"b":{"0":[1],"1":[2,1],"2":[3,2],"3":[2,2],"4":[4,2],"5":[5,5],"6":[10,5]},"inputSourceMap":null,"_coverageSchema":"1a1c01bbd47fc00a2c39e90264f33305004495a9","hash":"0ce2b02444740035ba715c2c7f5dfb052632ed5d"}
,"/Users/drewb/IdeaProjects/8th-Light-Technical-Assessment/src/config/apiAccess.js": {"path":"/Users/drewb/IdeaProjects/8th-Light-Technical-Assessment/src/config/apiAccess.js","statementMap":{"0":{"start":{"line":5,"column":12},"end":{"line":5,"column":60}},"1":{"start":{"line":6,"column":12},"end":{"line":6,"column":58}},"2":{"start":{"line":7,"column":15},"end":{"line":7,"column":59}},"3":{"start":{"line":11,"column":24},"end":{"line":25,"column":1}},"4":{"start":{"line":12,"column":2},"end":{"line":24,"column":7}},"5":{"start":{"line":15,"column":6},"end":{"line":20,"column":7}},"6":{"start":{"line":17,"column":8},"end":{"line":17,"column":35}},"7":{"start":{"line":19,"column":8},"end":{"line":19,"column":21}},"8":{"start":{"line":23,"column":6},"end":{"line":23,"column":21}}},"fnMap":{"0":{"name":"(anonymous_0)","decl":{"start":{"line":11,"column":24},"end":{"line":11,"column":25}},"loc":{"start":{"line":11,"column":41},"end":{"line":25,"column":1}},"line":11},"1":{"name":"(anonymous_1)","decl":{"start":{"line":14,"column":10},"end":{"line":14,"column":11}},"loc":{"start":{"line":14,"column":19},"end":{"line":21,"column":5}},"line":14},"2":{"name":"(anonymous_2)","decl":{"start":{"line":22,"column":11},"end":{"line":22,"column":12}},"loc":{"start":{"line":22,"column":18},"end":{"line":24,"column":5}},"line":22}},"branchMap":{"0":{"loc":{"start":{"line":15,"column":6},"end":{"line":20,"column":7}},"type":"if","locations":[{"start":{"line":15,"column":6},"end":{"line":20,"column":7}},{"start":{"line":18,"column":13},"end":{"line":20,"column":7}}],"line":15}},"s":{"0":1,"1":1,"2":1,"3":1,"4":1,"5":0,"6":0,"7":0,"8":0},"f":{"0":1,"1":0,"2":0},"b":{"0":[0,0]},"inputSourceMap":null,"_coverageSchema":"1a1c01bbd47fc00a2c39e90264f33305004495a9","hash":"dc9dc06dbeae6fd9cc817db3b10bd15c1982de28"}
}
